Started GET "/" for ::1 at 2021-01-05 20:05:07 +0900
  
ActiveRecord::ConnectionNotEstablished (No connection pool for 'ActiveRecord::Base' found.):
  
activerecord (6.1.0) lib/active_record/connection_adapters/abstract/connection_pool.rb:1125:in `retrieve_connection'
activerecord (6.1.0) lib/active_record/connection_handling.rb:319:in `retrieve_connection'
activerecord (6.1.0) lib/active_record/connection_handling.rb:275:in `connection'
activerecord (6.1.0) lib/active_record/migration.rb:611:in `connection'
activerecord (6.1.0) lib/active_record/migration.rb:606:in `build_watcher'
activerecord (6.1.0) lib/active_record/migration.rb:588:in `block in call'
activerecord (6.1.0) lib/active_record/migration.rb:587:in `synchronize'
activerecord (6.1.0) lib/active_record/migration.rb:587:in `call'
actionpack (6.1.0) lib/action_dispatch/middleware/callbacks.rb:27:in `block in call'
activesupport (6.1.0) lib/active_support/callbacks.rb:98:in `run_callbacks'
actionpack (6.1.0) lib/action_dispatch/middleware/callbacks.rb:26:in `call'
actionpack (6.1.0) lib/action_dispatch/middleware/executor.rb:14:in `call'
actionpack (6.1.0) lib/action_dispatch/middleware/actionable_exceptions.rb:18:in `call'
actionpack (6.1.0) lib/action_dispatch/middleware/debug_exceptions.rb:29:in `call'
web-console (4.1.0) lib/web_console/middleware.rb:132:in `call_app'
web-console (4.1.0) lib/web_console/middleware.rb:28:in `block in call'
web-console (4.1.0) lib/web_console/middleware.rb:17:in `catch'
web-console (4.1.0) lib/web_console/middleware.rb:17:in `call'
actionpack (6.1.0) lib/action_dispatch/middleware/show_exceptions.rb:33:in `call'
railties (6.1.0) lib/rails/rack/logger.rb:37:in `call_app'
railties (6.1.0) lib/rails/rack/logger.rb:26:in `block in call'
activesupport (6.1.0) lib/active_support/tagged_logging.rb:99:in `block in tagged'
activesupport (6.1.0) lib/active_support/tagged_logging.rb:37:in `tagged'
activesupport (6.1.0) lib/active_support/tagged_logging.rb:99:in `tagged'
railties (6.1.0) lib/rails/rack/logger.rb:26:in `call'
sprockets-rails (3.2.2) lib/sprockets/rails/quiet_assets.rb:13:in `call'
actionpack (6.1.0) lib/action_dispatch/middleware/remote_ip.rb:81:in `call'
actionpack (6.1.0) lib/action_dispatch/middleware/request_id.rb:26:in `call'
rack (2.2.3) lib/rack/method_override.rb:24:in `call'
rack (2.2.3) lib/rack/runtime.rb:22:in `call'
activesupport (6.1.0) lib/active_support/cache/strategy/local_cache_middleware.rb:29:in `call'
actionpack (6.1.0) lib/action_dispatch/middleware/executor.rb:14:in `call'
actionpack (6.1.0) lib/action_dispatch/middleware/static.rb:24:in `call'
rack (2.2.3) lib/rack/sendfile.rb:110:in `call'
actionpack (6.1.0) lib/action_dispatch/middleware/host_authorization.rb:98:in `call'
rack-mini-profiler (2.3.0) lib/mini_profiler/profiler.rb:373:in `call'
webpacker (5.2.1) lib/webpacker/dev_server_proxy.rb:25:in `perform_request'
rack-proxy (0.6.5) lib/rack/proxy.rb:57:in `call'
railties (6.1.0) lib/rails/engine.rb:539:in `call'
puma (5.1.1) lib/puma/configuration.rb:246:in `call'
puma (5.1.1) lib/puma/request.rb:76:in `block in handle_request'
puma (5.1.1) lib/puma/thread_pool.rb:337:in `with_force_shutdown'
puma (5.1.1) lib/puma/request.rb:75:in `handle_request'
puma (5.1.1) lib/puma/server.rb:431:in `process_client'
puma (5.1.1) lib/puma/thread_pool.rb:145:in `block in spawn_thread'
Started GET "/" for ::1 at 2021-01-05 20:05:14 +0900
  
ActiveRecord::ConnectionNotEstablished (No connection pool for 'ActiveRecord::Base' found.):
  
activerecord (6.1.0) lib/active_record/connection_adapters/abstract/connection_pool.rb:1125:in `retrieve_connection'
activerecord (6.1.0) lib/active_record/connection_handling.rb:319:in `retrieve_connection'
activerecord (6.1.0) lib/active_record/connection_handling.rb:275:in `connection'
activerecord (6.1.0) lib/active_record/migration.rb:611:in `connection'
activerecord (6.1.0) lib/active_record/migration.rb:606:in `build_watcher'
activerecord (6.1.0) lib/active_record/migration.rb:588:in `block in call'
activerecord (6.1.0) lib/active_record/migration.rb:587:in `synchronize'
activerecord (6.1.0) lib/active_record/migration.rb:587:in `call'
actionpack (6.1.0) lib/action_dispatch/middleware/callbacks.rb:27:in `block in call'
activesupport (6.1.0) lib/active_support/callbacks.rb:98:in `run_callbacks'
actionpack (6.1.0) lib/action_dispatch/middleware/callbacks.rb:26:in `call'
actionpack (6.1.0) lib/action_dispatch/middleware/executor.rb:14:in `call'
actionpack (6.1.0) lib/action_dispatch/middleware/actionable_exceptions.rb:18:in `call'
actionpack (6.1.0) lib/action_dispatch/middleware/debug_exceptions.rb:29:in `call'
web-console (4.1.0) lib/web_console/middleware.rb:132:in `call_app'
web-console (4.1.0) lib/web_console/middleware.rb:28:in `block in call'
web-console (4.1.0) lib/web_console/middleware.rb:17:in `catch'
web-console (4.1.0) lib/web_console/middleware.rb:17:in `call'
actionpack (6.1.0) lib/action_dispatch/middleware/show_exceptions.rb:33:in `call'
railties (6.1.0) lib/rails/rack/logger.rb:37:in `call_app'
railties (6.1.0) lib/rails/rack/logger.rb:26:in `block in call'
activesupport (6.1.0) lib/active_support/tagged_logging.rb:99:in `block in tagged'
activesupport (6.1.0) lib/active_support/tagged_logging.rb:37:in `tagged'
activesupport (6.1.0) lib/active_support/tagged_logging.rb:99:in `tagged'
railties (6.1.0) lib/rails/rack/logger.rb:26:in `call'
sprockets-rails (3.2.2) lib/sprockets/rails/quiet_assets.rb:13:in `call'
actionpack (6.1.0) lib/action_dispatch/middleware/remote_ip.rb:81:in `call'
actionpack (6.1.0) lib/action_dispatch/middleware/request_id.rb:26:in `call'
rack (2.2.3) lib/rack/method_override.rb:24:in `call'
rack (2.2.3) lib/rack/runtime.rb:22:in `call'
activesupport (6.1.0) lib/active_support/cache/strategy/local_cache_middleware.rb:29:in `call'
actionpack (6.1.0) lib/action_dispatch/middleware/executor.rb:14:in `call'
actionpack (6.1.0) lib/action_dispatch/middleware/static.rb:24:in `call'
rack (2.2.3) lib/rack/sendfile.rb:110:in `call'
actionpack (6.1.0) lib/action_dispatch/middleware/host_authorization.rb:98:in `call'
rack-mini-profiler (2.3.0) lib/mini_profiler/profiler.rb:373:in `call'
webpacker (5.2.1) lib/webpacker/dev_server_proxy.rb:25:in `perform_request'
rack-proxy (0.6.5) lib/rack/proxy.rb:57:in `call'
railties (6.1.0) lib/rails/engine.rb:539:in `call'
puma (5.1.1) lib/puma/configuration.rb:246:in `call'
puma (5.1.1) lib/puma/request.rb:76:in `block in handle_request'
puma (5.1.1) lib/puma/thread_pool.rb:337:in `with_force_shutdown'
puma (5.1.1) lib/puma/request.rb:75:in `handle_request'
puma (5.1.1) lib/puma/server.rb:431:in `process_client'
puma (5.1.1) lib/puma/thread_pool.rb:145:in `block in spawn_thread'
Started GET "/users" for ::1 at 2021-01-05 20:07:44 +0900
  
ActiveRecord::ConnectionNotEstablished (could not connect to server: No such file or directory
	Is the server running locally and accepting
	connections on Unix domain socket "/tmp/.s.PGSQL.5432"?
):
  
activerecord (6.1.0) lib/active_record/connection_adapters/postgresql_adapter.rb:83:in `rescue in new_client'
activerecord (6.1.0) lib/active_record/connection_adapters/postgresql_adapter.rb:77:in `new_client'
activerecord (6.1.0) lib/active_record/connection_adapters/postgresql_adapter.rb:37:in `postgresql_connection'
activerecord (6.1.0) lib/active_record/connection_adapters/abstract/connection_pool.rb:882:in `public_send'
activerecord (6.1.0) lib/active_record/connection_adapters/abstract/connection_pool.rb:882:in `new_connection'
activerecord (6.1.0) lib/active_record/connection_adapters/abstract/connection_pool.rb:926:in `checkout_new_connection'
activerecord (6.1.0) lib/active_record/connection_adapters/abstract/connection_pool.rb:905:in `try_to_checkout_new_connection'
activerecord (6.1.0) lib/active_record/connection_adapters/abstract/connection_pool.rb:866:in `acquire_connection'
activerecord (6.1.0) lib/active_record/connection_adapters/abstract/connection_pool.rb:588:in `checkout'
activerecord (6.1.0) lib/active_record/connection_adapters/abstract/connection_pool.rb:428:in `connection'
activerecord (6.1.0) lib/active_record/connection_adapters/abstract/connection_pool.rb:1128:in `retrieve_connection'
activerecord (6.1.0) lib/active_record/connection_handling.rb:319:in `retrieve_connection'
activerecord (6.1.0) lib/active_record/connection_handling.rb:275:in `connection'
activerecord (6.1.0) lib/active_record/migration.rb:611:in `connection'
activerecord (6.1.0) lib/active_record/migration.rb:606:in `build_watcher'
activerecord (6.1.0) lib/active_record/migration.rb:588:in `block in call'
activerecord (6.1.0) lib/active_record/migration.rb:587:in `synchronize'
activerecord (6.1.0) lib/active_record/migration.rb:587:in `call'
actionpack (6.1.0) lib/action_dispatch/middleware/callbacks.rb:27:in `block in call'
activesupport (6.1.0) lib/active_support/callbacks.rb:98:in `run_callbacks'
actionpack (6.1.0) lib/action_dispatch/middleware/callbacks.rb:26:in `call'
actionpack (6.1.0) lib/action_dispatch/middleware/executor.rb:14:in `call'
actionpack (6.1.0) lib/action_dispatch/middleware/actionable_exceptions.rb:18:in `call'
actionpack (6.1.0) lib/action_dispatch/middleware/debug_exceptions.rb:29:in `call'
web-console (4.1.0) lib/web_console/middleware.rb:132:in `call_app'
web-console (4.1.0) lib/web_console/middleware.rb:28:in `block in call'
web-console (4.1.0) lib/web_console/middleware.rb:17:in `catch'
web-console (4.1.0) lib/web_console/middleware.rb:17:in `call'
actionpack (6.1.0) lib/action_dispatch/middleware/show_exceptions.rb:33:in `call'
railties (6.1.0) lib/rails/rack/logger.rb:37:in `call_app'
railties (6.1.0) lib/rails/rack/logger.rb:26:in `block in call'
activesupport (6.1.0) lib/active_support/tagged_logging.rb:99:in `block in tagged'
activesupport (6.1.0) lib/active_support/tagged_logging.rb:37:in `tagged'
activesupport (6.1.0) lib/active_support/tagged_logging.rb:99:in `tagged'
railties (6.1.0) lib/rails/rack/logger.rb:26:in `call'
sprockets-rails (3.2.2) lib/sprockets/rails/quiet_assets.rb:13:in `call'
actionpack (6.1.0) lib/action_dispatch/middleware/remote_ip.rb:81:in `call'
actionpack (6.1.0) lib/action_dispatch/middleware/request_id.rb:26:in `call'
rack (2.2.3) lib/rack/method_override.rb:24:in `call'
rack (2.2.3) lib/rack/runtime.rb:22:in `call'
activesupport (6.1.0) lib/active_support/cache/strategy/local_cache_middleware.rb:29:in `call'
actionpack (6.1.0) lib/action_dispatch/middleware/executor.rb:14:in `call'
actionpack (6.1.0) lib/action_dispatch/middleware/static.rb:24:in `call'
rack (2.2.3) lib/rack/sendfile.rb:110:in `call'
actionpack (6.1.0) lib/action_dispatch/middleware/host_authorization.rb:98:in `call'
rack-mini-profiler (2.3.0) lib/mini_profiler/profiler.rb:373:in `call'
webpacker (5.2.1) lib/webpacker/dev_server_proxy.rb:25:in `perform_request'
rack-proxy (0.6.5) lib/rack/proxy.rb:57:in `call'
railties (6.1.0) lib/rails/engine.rb:539:in `call'
puma (5.1.1) lib/puma/configuration.rb:246:in `call'
puma (5.1.1) lib/puma/request.rb:76:in `block in handle_request'
puma (5.1.1) lib/puma/thread_pool.rb:337:in `with_force_shutdown'
puma (5.1.1) lib/puma/request.rb:75:in `handle_request'
puma (5.1.1) lib/puma/server.rb:431:in `process_client'
puma (5.1.1) lib/puma/thread_pool.rb:145:in `block in spawn_thread'
Started GET "/" for ::1 at 2021-01-05 20:07:48 +0900
  
ActiveRecord::ConnectionNotEstablished (could not connect to server: No such file or directory
	Is the server running locally and accepting
	connections on Unix domain socket "/tmp/.s.PGSQL.5432"?
):
  
activerecord (6.1.0) lib/active_record/connection_adapters/postgresql_adapter.rb:83:in `rescue in new_client'
activerecord (6.1.0) lib/active_record/connection_adapters/postgresql_adapter.rb:77:in `new_client'
activerecord (6.1.0) lib/active_record/connection_adapters/postgresql_adapter.rb:37:in `postgresql_connection'
activerecord (6.1.0) lib/active_record/connection_adapters/abstract/connection_pool.rb:882:in `public_send'
activerecord (6.1.0) lib/active_record/connection_adapters/abstract/connection_pool.rb:882:in `new_connection'
activerecord (6.1.0) lib/active_record/connection_adapters/abstract/connection_pool.rb:926:in `checkout_new_connection'
activerecord (6.1.0) lib/active_record/connection_adapters/abstract/connection_pool.rb:905:in `try_to_checkout_new_connection'
activerecord (6.1.0) lib/active_record/connection_adapters/abstract/connection_pool.rb:866:in `acquire_connection'
activerecord (6.1.0) lib/active_record/connection_adapters/abstract/connection_pool.rb:588:in `checkout'
activerecord (6.1.0) lib/active_record/connection_adapters/abstract/connection_pool.rb:428:in `connection'
activerecord (6.1.0) lib/active_record/connection_adapters/abstract/connection_pool.rb:1128:in `retrieve_connection'
activerecord (6.1.0) lib/active_record/connection_handling.rb:319:in `retrieve_connection'
activerecord (6.1.0) lib/active_record/connection_handling.rb:275:in `connection'
activerecord (6.1.0) lib/active_record/migration.rb:611:in `connection'
activerecord (6.1.0) lib/active_record/migration.rb:606:in `build_watcher'
activerecord (6.1.0) lib/active_record/migration.rb:588:in `block in call'
activerecord (6.1.0) lib/active_record/migration.rb:587:in `synchronize'
activerecord (6.1.0) lib/active_record/migration.rb:587:in `call'
actionpack (6.1.0) lib/action_dispatch/middleware/callbacks.rb:27:in `block in call'
activesupport (6.1.0) lib/active_support/callbacks.rb:98:in `run_callbacks'
actionpack (6.1.0) lib/action_dispatch/middleware/callbacks.rb:26:in `call'
actionpack (6.1.0) lib/action_dispatch/middleware/executor.rb:14:in `call'
actionpack (6.1.0) lib/action_dispatch/middleware/actionable_exceptions.rb:18:in `call'
actionpack (6.1.0) lib/action_dispatch/middleware/debug_exceptions.rb:29:in `call'
web-console (4.1.0) lib/web_console/middleware.rb:132:in `call_app'
web-console (4.1.0) lib/web_console/middleware.rb:28:in `block in call'
web-console (4.1.0) lib/web_console/middleware.rb:17:in `catch'
web-console (4.1.0) lib/web_console/middleware.rb:17:in `call'
actionpack (6.1.0) lib/action_dispatch/middleware/show_exceptions.rb:33:in `call'
railties (6.1.0) lib/rails/rack/logger.rb:37:in `call_app'
railties (6.1.0) lib/rails/rack/logger.rb:26:in `block in call'
activesupport (6.1.0) lib/active_support/tagged_logging.rb:99:in `block in tagged'
activesupport (6.1.0) lib/active_support/tagged_logging.rb:37:in `tagged'
activesupport (6.1.0) lib/active_support/tagged_logging.rb:99:in `tagged'
railties (6.1.0) lib/rails/rack/logger.rb:26:in `call'
sprockets-rails (3.2.2) lib/sprockets/rails/quiet_assets.rb:13:in `call'
actionpack (6.1.0) lib/action_dispatch/middleware/remote_ip.rb:81:in `call'
actionpack (6.1.0) lib/action_dispatch/middleware/request_id.rb:26:in `call'
rack (2.2.3) lib/rack/method_override.rb:24:in `call'
rack (2.2.3) lib/rack/runtime.rb:22:in `call'
activesupport (6.1.0) lib/active_support/cache/strategy/local_cache_middleware.rb:29:in `call'
actionpack (6.1.0) lib/action_dispatch/middleware/executor.rb:14:in `call'
actionpack (6.1.0) lib/action_dispatch/middleware/static.rb:24:in `call'
rack (2.2.3) lib/rack/sendfile.rb:110:in `call'
actionpack (6.1.0) lib/action_dispatch/middleware/host_authorization.rb:98:in `call'
rack-mini-profiler (2.3.0) lib/mini_profiler/profiler.rb:373:in `call'
webpacker (5.2.1) lib/webpacker/dev_server_proxy.rb:25:in `perform_request'
rack-proxy (0.6.5) lib/rack/proxy.rb:57:in `call'
railties (6.1.0) lib/rails/engine.rb:539:in `call'
puma (5.1.1) lib/puma/configuration.rb:246:in `call'
puma (5.1.1) lib/puma/request.rb:76:in `block in handle_request'
puma (5.1.1) lib/puma/thread_pool.rb:337:in `with_force_shutdown'
puma (5.1.1) lib/puma/request.rb:75:in `handle_request'
puma (5.1.1) lib/puma/server.rb:431:in `process_client'
puma (5.1.1) lib/puma/thread_pool.rb:145:in `block in spawn_thread'
DEPRECATION WARNING: [] is deprecated and will be removed from Rails 6.2 (Use configs_for) (called from migration_template at (erb):6)
DEPRECATION WARNING: [] is deprecated and will be removed from Rails 6.2 (Use configs_for) (called from migration_template at (erb):6)
DEPRECATION WARNING: [] is deprecated and will be removed from Rails 6.2 (Use configs_for) (called from <main> at /Users/kume_natsuya/Documents/dev/instagram-clone/bin/rails:5)
DEPRECATION WARNING: [] is deprecated and will be removed from Rails 6.2 (Use configs_for) (called from <main> at /Users/kume_natsuya/Documents/dev/instagram-clone/bin/rails:5)
DEPRECATION WARNING: [] is deprecated and will be removed from Rails 6.2 (Use configs_for) (called from <main> at /Users/kume_natsuya/Documents/dev/instagram-clone/bin/rails:5)
DEPRECATION WARNING: [] is deprecated and will be removed from Rails 6.2 (Use configs_for) (called from <main> at /Users/kume_natsuya/Documents/dev/instagram-clone/bin/rails:5)
DEPRECATION WARNING: [] is deprecated and will be removed from Rails 6.2 (Use configs_for) (called from <main> at /Users/kume_natsuya/Documents/dev/instagram-clone/bin/rails:5)
Started GET "/" for ::1 at 2021-01-05 20:21:03 +0900
  
ActiveRecord::ConnectionNotEstablished (could not connect to server: No such file or directory
	Is the server running locally and accepting
	connections on Unix domain socket "/tmp/.s.PGSQL.5432"?
):
  
activerecord (6.1.0) lib/active_record/connection_adapters/postgresql_adapter.rb:83:in `rescue in new_client'
activerecord (6.1.0) lib/active_record/connection_adapters/postgresql_adapter.rb:77:in `new_client'
activerecord (6.1.0) lib/active_record/connection_adapters/postgresql_adapter.rb:37:in `postgresql_connection'
activerecord (6.1.0) lib/active_record/connection_adapters/abstract/connection_pool.rb:882:in `public_send'
activerecord (6.1.0) lib/active_record/connection_adapters/abstract/connection_pool.rb:882:in `new_connection'
activerecord (6.1.0) lib/active_record/connection_adapters/abstract/connection_pool.rb:926:in `checkout_new_connection'
activerecord (6.1.0) lib/active_record/connection_adapters/abstract/connection_pool.rb:905:in `try_to_checkout_new_connection'
activerecord (6.1.0) lib/active_record/connection_adapters/abstract/connection_pool.rb:866:in `acquire_connection'
activerecord (6.1.0) lib/active_record/connection_adapters/abstract/connection_pool.rb:588:in `checkout'
activerecord (6.1.0) lib/active_record/connection_adapters/abstract/connection_pool.rb:428:in `connection'
activerecord (6.1.0) lib/active_record/connection_adapters/abstract/connection_pool.rb:1128:in `retrieve_connection'
activerecord (6.1.0) lib/active_record/connection_handling.rb:319:in `retrieve_connection'
activerecord (6.1.0) lib/active_record/connection_handling.rb:275:in `connection'
activerecord (6.1.0) lib/active_record/migration.rb:611:in `connection'
activerecord (6.1.0) lib/active_record/migration.rb:606:in `build_watcher'
activerecord (6.1.0) lib/active_record/migration.rb:588:in `block in call'
activerecord (6.1.0) lib/active_record/migration.rb:587:in `synchronize'
activerecord (6.1.0) lib/active_record/migration.rb:587:in `call'
actionpack (6.1.0) lib/action_dispatch/middleware/callbacks.rb:27:in `block in call'
activesupport (6.1.0) lib/active_support/callbacks.rb:98:in `run_callbacks'
actionpack (6.1.0) lib/action_dispatch/middleware/callbacks.rb:26:in `call'
actionpack (6.1.0) lib/action_dispatch/middleware/executor.rb:14:in `call'
actionpack (6.1.0) lib/action_dispatch/middleware/actionable_exceptions.rb:18:in `call'
actionpack (6.1.0) lib/action_dispatch/middleware/debug_exceptions.rb:29:in `call'
web-console (4.1.0) lib/web_console/middleware.rb:132:in `call_app'
web-console (4.1.0) lib/web_console/middleware.rb:28:in `block in call'
web-console (4.1.0) lib/web_console/middleware.rb:17:in `catch'
web-console (4.1.0) lib/web_console/middleware.rb:17:in `call'
actionpack (6.1.0) lib/action_dispatch/middleware/show_exceptions.rb:33:in `call'
railties (6.1.0) lib/rails/rack/logger.rb:37:in `call_app'
railties (6.1.0) lib/rails/rack/logger.rb:26:in `block in call'
activesupport (6.1.0) lib/active_support/tagged_logging.rb:99:in `block in tagged'
activesupport (6.1.0) lib/active_support/tagged_logging.rb:37:in `tagged'
activesupport (6.1.0) lib/active_support/tagged_logging.rb:99:in `tagged'
railties (6.1.0) lib/rails/rack/logger.rb:26:in `call'
sprockets-rails (3.2.2) lib/sprockets/rails/quiet_assets.rb:13:in `call'
actionpack (6.1.0) lib/action_dispatch/middleware/remote_ip.rb:81:in `call'
actionpack (6.1.0) lib/action_dispatch/middleware/request_id.rb:26:in `call'
rack (2.2.3) lib/rack/method_override.rb:24:in `call'
rack (2.2.3) lib/rack/runtime.rb:22:in `call'
activesupport (6.1.0) lib/active_support/cache/strategy/local_cache_middleware.rb:29:in `call'
actionpack (6.1.0) lib/action_dispatch/middleware/executor.rb:14:in `call'
actionpack (6.1.0) lib/action_dispatch/middleware/static.rb:24:in `call'
rack (2.2.3) lib/rack/sendfile.rb:110:in `call'
actionpack (6.1.0) lib/action_dispatch/middleware/host_authorization.rb:98:in `call'
rack-mini-profiler (2.3.0) lib/mini_profiler/profiler.rb:373:in `call'
webpacker (5.2.1) lib/webpacker/dev_server_proxy.rb:25:in `perform_request'
rack-proxy (0.6.5) lib/rack/proxy.rb:57:in `call'
railties (6.1.0) lib/rails/engine.rb:539:in `call'
puma (5.1.1) lib/puma/configuration.rb:246:in `call'
puma (5.1.1) lib/puma/request.rb:76:in `block in handle_request'
puma (5.1.1) lib/puma/thread_pool.rb:337:in `with_force_shutdown'
puma (5.1.1) lib/puma/request.rb:75:in `handle_request'
puma (5.1.1) lib/puma/server.rb:431:in `process_client'
puma (5.1.1) lib/puma/thread_pool.rb:145:in `block in spawn_thread'
Started GET "/" for ::1 at 2021-01-05 20:21:05 +0900
  
ActiveRecord::ConnectionNotEstablished (could not connect to server: No such file or directory
	Is the server running locally and accepting
	connections on Unix domain socket "/tmp/.s.PGSQL.5432"?
):
  
activerecord (6.1.0) lib/active_record/connection_adapters/postgresql_adapter.rb:83:in `rescue in new_client'
activerecord (6.1.0) lib/active_record/connection_adapters/postgresql_adapter.rb:77:in `new_client'
activerecord (6.1.0) lib/active_record/connection_adapters/postgresql_adapter.rb:37:in `postgresql_connection'
activerecord (6.1.0) lib/active_record/connection_adapters/abstract/connection_pool.rb:882:in `public_send'
activerecord (6.1.0) lib/active_record/connection_adapters/abstract/connection_pool.rb:882:in `new_connection'
activerecord (6.1.0) lib/active_record/connection_adapters/abstract/connection_pool.rb:926:in `checkout_new_connection'
activerecord (6.1.0) lib/active_record/connection_adapters/abstract/connection_pool.rb:905:in `try_to_checkout_new_connection'
activerecord (6.1.0) lib/active_record/connection_adapters/abstract/connection_pool.rb:866:in `acquire_connection'
activerecord (6.1.0) lib/active_record/connection_adapters/abstract/connection_pool.rb:588:in `checkout'
activerecord (6.1.0) lib/active_record/connection_adapters/abstract/connection_pool.rb:428:in `connection'
activerecord (6.1.0) lib/active_record/connection_adapters/abstract/connection_pool.rb:1128:in `retrieve_connection'
activerecord (6.1.0) lib/active_record/connection_handling.rb:319:in `retrieve_connection'
activerecord (6.1.0) lib/active_record/connection_handling.rb:275:in `connection'
activerecord (6.1.0) lib/active_record/migration.rb:611:in `connection'
activerecord (6.1.0) lib/active_record/migration.rb:606:in `build_watcher'
activerecord (6.1.0) lib/active_record/migration.rb:588:in `block in call'
activerecord (6.1.0) lib/active_record/migration.rb:587:in `synchronize'
activerecord (6.1.0) lib/active_record/migration.rb:587:in `call'
actionpack (6.1.0) lib/action_dispatch/middleware/callbacks.rb:27:in `block in call'
activesupport (6.1.0) lib/active_support/callbacks.rb:98:in `run_callbacks'
actionpack (6.1.0) lib/action_dispatch/middleware/callbacks.rb:26:in `call'
actionpack (6.1.0) lib/action_dispatch/middleware/executor.rb:14:in `call'
actionpack (6.1.0) lib/action_dispatch/middleware/actionable_exceptions.rb:18:in `call'
actionpack (6.1.0) lib/action_dispatch/middleware/debug_exceptions.rb:29:in `call'
web-console (4.1.0) lib/web_console/middleware.rb:132:in `call_app'
web-console (4.1.0) lib/web_console/middleware.rb:28:in `block in call'
web-console (4.1.0) lib/web_console/middleware.rb:17:in `catch'
web-console (4.1.0) lib/web_console/middleware.rb:17:in `call'
actionpack (6.1.0) lib/action_dispatch/middleware/show_exceptions.rb:33:in `call'
railties (6.1.0) lib/rails/rack/logger.rb:37:in `call_app'
railties (6.1.0) lib/rails/rack/logger.rb:26:in `block in call'
activesupport (6.1.0) lib/active_support/tagged_logging.rb:99:in `block in tagged'
activesupport (6.1.0) lib/active_support/tagged_logging.rb:37:in `tagged'
activesupport (6.1.0) lib/active_support/tagged_logging.rb:99:in `tagged'
railties (6.1.0) lib/rails/rack/logger.rb:26:in `call'
sprockets-rails (3.2.2) lib/sprockets/rails/quiet_assets.rb:13:in `call'
actionpack (6.1.0) lib/action_dispatch/middleware/remote_ip.rb:81:in `call'
actionpack (6.1.0) lib/action_dispatch/middleware/request_id.rb:26:in `call'
rack (2.2.3) lib/rack/method_override.rb:24:in `call'
rack (2.2.3) lib/rack/runtime.rb:22:in `call'
activesupport (6.1.0) lib/active_support/cache/strategy/local_cache_middleware.rb:29:in `call'
actionpack (6.1.0) lib/action_dispatch/middleware/executor.rb:14:in `call'
actionpack (6.1.0) lib/action_dispatch/middleware/static.rb:24:in `call'
rack (2.2.3) lib/rack/sendfile.rb:110:in `call'
actionpack (6.1.0) lib/action_dispatch/middleware/host_authorization.rb:98:in `call'
rack-mini-profiler (2.3.0) lib/mini_profiler/profiler.rb:373:in `call'
webpacker (5.2.1) lib/webpacker/dev_server_proxy.rb:25:in `perform_request'
rack-proxy (0.6.5) lib/rack/proxy.rb:57:in `call'
railties (6.1.0) lib/rails/engine.rb:539:in `call'
puma (5.1.1) lib/puma/configuration.rb:246:in `call'
puma (5.1.1) lib/puma/request.rb:76:in `block in handle_request'
puma (5.1.1) lib/puma/thread_pool.rb:337:in `with_force_shutdown'
puma (5.1.1) lib/puma/request.rb:75:in `handle_request'
puma (5.1.1) lib/puma/server.rb:431:in `process_client'
puma (5.1.1) lib/puma/thread_pool.rb:145:in `block in spawn_thread'
Started GET "/" for ::1 at 2021-01-05 20:21:06 +0900
  
ActiveRecord::ConnectionNotEstablished (could not connect to server: No such file or directory
	Is the server running locally and accepting
	connections on Unix domain socket "/tmp/.s.PGSQL.5432"?
):
  
activerecord (6.1.0) lib/active_record/connection_adapters/postgresql_adapter.rb:83:in `rescue in new_client'
activerecord (6.1.0) lib/active_record/connection_adapters/postgresql_adapter.rb:77:in `new_client'
activerecord (6.1.0) lib/active_record/connection_adapters/postgresql_adapter.rb:37:in `postgresql_connection'
activerecord (6.1.0) lib/active_record/connection_adapters/abstract/connection_pool.rb:882:in `public_send'
activerecord (6.1.0) lib/active_record/connection_adapters/abstract/connection_pool.rb:882:in `new_connection'
activerecord (6.1.0) lib/active_record/connection_adapters/abstract/connection_pool.rb:926:in `checkout_new_connection'
activerecord (6.1.0) lib/active_record/connection_adapters/abstract/connection_pool.rb:905:in `try_to_checkout_new_connection'
activerecord (6.1.0) lib/active_record/connection_adapters/abstract/connection_pool.rb:866:in `acquire_connection'
activerecord (6.1.0) lib/active_record/connection_adapters/abstract/connection_pool.rb:588:in `checkout'
activerecord (6.1.0) lib/active_record/connection_adapters/abstract/connection_pool.rb:428:in `connection'
activerecord (6.1.0) lib/active_record/connection_adapters/abstract/connection_pool.rb:1128:in `retrieve_connection'
activerecord (6.1.0) lib/active_record/connection_handling.rb:319:in `retrieve_connection'
activerecord (6.1.0) lib/active_record/connection_handling.rb:275:in `connection'
activerecord (6.1.0) lib/active_record/migration.rb:611:in `connection'
activerecord (6.1.0) lib/active_record/migration.rb:606:in `build_watcher'
activerecord (6.1.0) lib/active_record/migration.rb:588:in `block in call'
activerecord (6.1.0) lib/active_record/migration.rb:587:in `synchronize'
activerecord (6.1.0) lib/active_record/migration.rb:587:in `call'
actionpack (6.1.0) lib/action_dispatch/middleware/callbacks.rb:27:in `block in call'
activesupport (6.1.0) lib/active_support/callbacks.rb:98:in `run_callbacks'
actionpack (6.1.0) lib/action_dispatch/middleware/callbacks.rb:26:in `call'
actionpack (6.1.0) lib/action_dispatch/middleware/executor.rb:14:in `call'
actionpack (6.1.0) lib/action_dispatch/middleware/actionable_exceptions.rb:18:in `call'
actionpack (6.1.0) lib/action_dispatch/middleware/debug_exceptions.rb:29:in `call'
web-console (4.1.0) lib/web_console/middleware.rb:132:in `call_app'
web-console (4.1.0) lib/web_console/middleware.rb:28:in `block in call'
web-console (4.1.0) lib/web_console/middleware.rb:17:in `catch'
web-console (4.1.0) lib/web_console/middleware.rb:17:in `call'
actionpack (6.1.0) lib/action_dispatch/middleware/show_exceptions.rb:33:in `call'
railties (6.1.0) lib/rails/rack/logger.rb:37:in `call_app'
railties (6.1.0) lib/rails/rack/logger.rb:26:in `block in call'
activesupport (6.1.0) lib/active_support/tagged_logging.rb:99:in `block in tagged'
activesupport (6.1.0) lib/active_support/tagged_logging.rb:37:in `tagged'
activesupport (6.1.0) lib/active_support/tagged_logging.rb:99:in `tagged'
railties (6.1.0) lib/rails/rack/logger.rb:26:in `call'
sprockets-rails (3.2.2) lib/sprockets/rails/quiet_assets.rb:13:in `call'
actionpack (6.1.0) lib/action_dispatch/middleware/remote_ip.rb:81:in `call'
actionpack (6.1.0) lib/action_dispatch/middleware/request_id.rb:26:in `call'
rack (2.2.3) lib/rack/method_override.rb:24:in `call'
rack (2.2.3) lib/rack/runtime.rb:22:in `call'
activesupport (6.1.0) lib/active_support/cache/strategy/local_cache_middleware.rb:29:in `call'
actionpack (6.1.0) lib/action_dispatch/middleware/executor.rb:14:in `call'
actionpack (6.1.0) lib/action_dispatch/middleware/static.rb:24:in `call'
rack (2.2.3) lib/rack/sendfile.rb:110:in `call'
actionpack (6.1.0) lib/action_dispatch/middleware/host_authorization.rb:98:in `call'
rack-mini-profiler (2.3.0) lib/mini_profiler/profiler.rb:373:in `call'
webpacker (5.2.1) lib/webpacker/dev_server_proxy.rb:25:in `perform_request'
rack-proxy (0.6.5) lib/rack/proxy.rb:57:in `call'
railties (6.1.0) lib/rails/engine.rb:539:in `call'
puma (5.1.1) lib/puma/configuration.rb:246:in `call'
puma (5.1.1) lib/puma/request.rb:76:in `block in handle_request'
puma (5.1.1) lib/puma/thread_pool.rb:337:in `with_force_shutdown'
puma (5.1.1) lib/puma/request.rb:75:in `handle_request'
puma (5.1.1) lib/puma/server.rb:431:in `process_client'
puma (5.1.1) lib/puma/thread_pool.rb:145:in `block in spawn_thread'
Started GET "/" for ::1 at 2021-01-05 20:23:57 +0900
  
ActiveRecord::NoDatabaseError (FATAL:  database "db/insta-development" does not exist
):
  
activerecord (6.1.0) lib/active_record/connection_adapters/postgresql_adapter.rb:81:in `rescue in new_client'
activerecord (6.1.0) lib/active_record/connection_adapters/postgresql_adapter.rb:77:in `new_client'
activerecord (6.1.0) lib/active_record/connection_adapters/postgresql_adapter.rb:37:in `postgresql_connection'
activerecord (6.1.0) lib/active_record/connection_adapters/abstract/connection_pool.rb:882:in `public_send'
activerecord (6.1.0) lib/active_record/connection_adapters/abstract/connection_pool.rb:882:in `new_connection'
activerecord (6.1.0) lib/active_record/connection_adapters/abstract/connection_pool.rb:926:in `checkout_new_connection'
activerecord (6.1.0) lib/active_record/connection_adapters/abstract/connection_pool.rb:905:in `try_to_checkout_new_connection'
activerecord (6.1.0) lib/active_record/connection_adapters/abstract/connection_pool.rb:866:in `acquire_connection'
activerecord (6.1.0) lib/active_record/connection_adapters/abstract/connection_pool.rb:588:in `checkout'
activerecord (6.1.0) lib/active_record/connection_adapters/abstract/connection_pool.rb:428:in `connection'
activerecord (6.1.0) lib/active_record/connection_adapters/abstract/connection_pool.rb:1128:in `retrieve_connection'
activerecord (6.1.0) lib/active_record/connection_handling.rb:319:in `retrieve_connection'
activerecord (6.1.0) lib/active_record/connection_handling.rb:275:in `connection'
activerecord (6.1.0) lib/active_record/migration.rb:611:in `connection'
activerecord (6.1.0) lib/active_record/migration.rb:606:in `build_watcher'
activerecord (6.1.0) lib/active_record/migration.rb:588:in `block in call'
activerecord (6.1.0) lib/active_record/migration.rb:587:in `synchronize'
activerecord (6.1.0) lib/active_record/migration.rb:587:in `call'
actionpack (6.1.0) lib/action_dispatch/middleware/callbacks.rb:27:in `block in call'
activesupport (6.1.0) lib/active_support/callbacks.rb:98:in `run_callbacks'
actionpack (6.1.0) lib/action_dispatch/middleware/callbacks.rb:26:in `call'
actionpack (6.1.0) lib/action_dispatch/middleware/executor.rb:14:in `call'
actionpack (6.1.0) lib/action_dispatch/middleware/actionable_exceptions.rb:18:in `call'
actionpack (6.1.0) lib/action_dispatch/middleware/debug_exceptions.rb:29:in `call'
web-console (4.1.0) lib/web_console/middleware.rb:132:in `call_app'
web-console (4.1.0) lib/web_console/middleware.rb:28:in `block in call'
web-console (4.1.0) lib/web_console/middleware.rb:17:in `catch'
web-console (4.1.0) lib/web_console/middleware.rb:17:in `call'
actionpack (6.1.0) lib/action_dispatch/middleware/show_exceptions.rb:33:in `call'
railties (6.1.0) lib/rails/rack/logger.rb:37:in `call_app'
railties (6.1.0) lib/rails/rack/logger.rb:26:in `block in call'
activesupport (6.1.0) lib/active_support/tagged_logging.rb:99:in `block in tagged'
activesupport (6.1.0) lib/active_support/tagged_logging.rb:37:in `tagged'
activesupport (6.1.0) lib/active_support/tagged_logging.rb:99:in `tagged'
railties (6.1.0) lib/rails/rack/logger.rb:26:in `call'
sprockets-rails (3.2.2) lib/sprockets/rails/quiet_assets.rb:13:in `call'
actionpack (6.1.0) lib/action_dispatch/middleware/remote_ip.rb:81:in `call'
actionpack (6.1.0) lib/action_dispatch/middleware/request_id.rb:26:in `call'
rack (2.2.3) lib/rack/method_override.rb:24:in `call'
rack (2.2.3) lib/rack/runtime.rb:22:in `call'
activesupport (6.1.0) lib/active_support/cache/strategy/local_cache_middleware.rb:29:in `call'
actionpack (6.1.0) lib/action_dispatch/middleware/executor.rb:14:in `call'
actionpack (6.1.0) lib/action_dispatch/middleware/static.rb:24:in `call'
rack (2.2.3) lib/rack/sendfile.rb:110:in `call'
actionpack (6.1.0) lib/action_dispatch/middleware/host_authorization.rb:98:in `call'
rack-mini-profiler (2.3.0) lib/mini_profiler/profiler.rb:373:in `call'
webpacker (5.2.1) lib/webpacker/dev_server_proxy.rb:25:in `perform_request'
rack-proxy (0.6.5) lib/rack/proxy.rb:57:in `call'
railties (6.1.0) lib/rails/engine.rb:539:in `call'
puma (5.1.1) lib/puma/configuration.rb:246:in `call'
puma (5.1.1) lib/puma/request.rb:76:in `block in handle_request'
puma (5.1.1) lib/puma/thread_pool.rb:337:in `with_force_shutdown'
puma (5.1.1) lib/puma/request.rb:75:in `handle_request'
puma (5.1.1) lib/puma/server.rb:431:in `process_client'
puma (5.1.1) lib/puma/thread_pool.rb:145:in `block in spawn_thread'
Started GET "/" for ::1 at 2021-01-05 20:23:59 +0900
  
ActiveRecord::NoDatabaseError (FATAL:  database "db/insta-development" does not exist
):
  
activerecord (6.1.0) lib/active_record/connection_adapters/postgresql_adapter.rb:81:in `rescue in new_client'
activerecord (6.1.0) lib/active_record/connection_adapters/postgresql_adapter.rb:77:in `new_client'
activerecord (6.1.0) lib/active_record/connection_adapters/postgresql_adapter.rb:37:in `postgresql_connection'
activerecord (6.1.0) lib/active_record/connection_adapters/abstract/connection_pool.rb:882:in `public_send'
activerecord (6.1.0) lib/active_record/connection_adapters/abstract/connection_pool.rb:882:in `new_connection'
activerecord (6.1.0) lib/active_record/connection_adapters/abstract/connection_pool.rb:926:in `checkout_new_connection'
activerecord (6.1.0) lib/active_record/connection_adapters/abstract/connection_pool.rb:905:in `try_to_checkout_new_connection'
activerecord (6.1.0) lib/active_record/connection_adapters/abstract/connection_pool.rb:866:in `acquire_connection'
activerecord (6.1.0) lib/active_record/connection_adapters/abstract/connection_pool.rb:588:in `checkout'
activerecord (6.1.0) lib/active_record/connection_adapters/abstract/connection_pool.rb:428:in `connection'
activerecord (6.1.0) lib/active_record/connection_adapters/abstract/connection_pool.rb:1128:in `retrieve_connection'
activerecord (6.1.0) lib/active_record/connection_handling.rb:319:in `retrieve_connection'
activerecord (6.1.0) lib/active_record/connection_handling.rb:275:in `connection'
activerecord (6.1.0) lib/active_record/migration.rb:611:in `connection'
activerecord (6.1.0) lib/active_record/migration.rb:606:in `build_watcher'
activerecord (6.1.0) lib/active_record/migration.rb:588:in `block in call'
activerecord (6.1.0) lib/active_record/migration.rb:587:in `synchronize'
activerecord (6.1.0) lib/active_record/migration.rb:587:in `call'
actionpack (6.1.0) lib/action_dispatch/middleware/callbacks.rb:27:in `block in call'
activesupport (6.1.0) lib/active_support/callbacks.rb:98:in `run_callbacks'
actionpack (6.1.0) lib/action_dispatch/middleware/callbacks.rb:26:in `call'
actionpack (6.1.0) lib/action_dispatch/middleware/executor.rb:14:in `call'
actionpack (6.1.0) lib/action_dispatch/middleware/actionable_exceptions.rb:18:in `call'
actionpack (6.1.0) lib/action_dispatch/middleware/debug_exceptions.rb:29:in `call'
web-console (4.1.0) lib/web_console/middleware.rb:132:in `call_app'
web-console (4.1.0) lib/web_console/middleware.rb:28:in `block in call'
web-console (4.1.0) lib/web_console/middleware.rb:17:in `catch'
web-console (4.1.0) lib/web_console/middleware.rb:17:in `call'
actionpack (6.1.0) lib/action_dispatch/middleware/show_exceptions.rb:33:in `call'
railties (6.1.0) lib/rails/rack/logger.rb:37:in `call_app'
railties (6.1.0) lib/rails/rack/logger.rb:26:in `block in call'
activesupport (6.1.0) lib/active_support/tagged_logging.rb:99:in `block in tagged'
activesupport (6.1.0) lib/active_support/tagged_logging.rb:37:in `tagged'
activesupport (6.1.0) lib/active_support/tagged_logging.rb:99:in `tagged'
railties (6.1.0) lib/rails/rack/logger.rb:26:in `call'
sprockets-rails (3.2.2) lib/sprockets/rails/quiet_assets.rb:13:in `call'
actionpack (6.1.0) lib/action_dispatch/middleware/remote_ip.rb:81:in `call'
actionpack (6.1.0) lib/action_dispatch/middleware/request_id.rb:26:in `call'
rack (2.2.3) lib/rack/method_override.rb:24:in `call'
rack (2.2.3) lib/rack/runtime.rb:22:in `call'
activesupport (6.1.0) lib/active_support/cache/strategy/local_cache_middleware.rb:29:in `call'
actionpack (6.1.0) lib/action_dispatch/middleware/executor.rb:14:in `call'
actionpack (6.1.0) lib/action_dispatch/middleware/static.rb:24:in `call'
rack (2.2.3) lib/rack/sendfile.rb:110:in `call'
actionpack (6.1.0) lib/action_dispatch/middleware/host_authorization.rb:98:in `call'
rack-mini-profiler (2.3.0) lib/mini_profiler/profiler.rb:373:in `call'
webpacker (5.2.1) lib/webpacker/dev_server_proxy.rb:25:in `perform_request'
rack-proxy (0.6.5) lib/rack/proxy.rb:57:in `call'
railties (6.1.0) lib/rails/engine.rb:539:in `call'
puma (5.1.1) lib/puma/configuration.rb:246:in `call'
puma (5.1.1) lib/puma/request.rb:76:in `block in handle_request'
puma (5.1.1) lib/puma/thread_pool.rb:337:in `with_force_shutdown'
puma (5.1.1) lib/puma/request.rb:75:in `handle_request'
puma (5.1.1) lib/puma/server.rb:431:in `process_client'
puma (5.1.1) lib/puma/thread_pool.rb:145:in `block in spawn_thread'
  [1m[35m (171.0ms)[0m  [1m[35mCREATE DATABASE "db/insta-development" ENCODING = 'utf8'[0m
  [1m[35m (160.0ms)[0m  [1m[35mCREATE DATABASE "db/insta-test" ENCODING = 'utf8'[0m
  [1m[35m (8.2ms)[0m  [1m[35mCREATE TABLE "schema_migrations" ("version" character varying NOT NULL PRIMARY KEY)[0m
  [1m[35m (3.9ms)[0m  [1m[35mCREATE TABLE "ar_internal_metadata" ("key" character varying NOT NULL PRIMARY KEY, "value" character varying, "created_at" timestamp(6) NOT NULL, "updated_at" timestamp(6) NOT NULL)[0m
  [1m[35m (0.2ms)[0m  [1m[34mSELECT pg_try_advisory_lock(7024507325193220695)[0m
  [1m[35m (0.9ms)[0m  [1m[34mSELECT "schema_migrations"."version" FROM "schema_migrations" ORDER BY "schema_migrations"."version" ASC[0m
Migrating to DeviseCreateAccounts (20210105111511)
  [1m[36mTRANSACTION (0.1ms)[0m  [1m[35mBEGIN[0m
  [1m[35m (7.7ms)[0m  [1m[35mCREATE TABLE "accounts" ("id" bigserial primary key, "email" character varying DEFAULT '' NOT NULL, "encrypted_password" character varying DEFAULT '' NOT NULL, "reset_password_token" character varying, "reset_password_sent_at" timestamp, "remember_created_at" timestamp, "sign_in_count" integer DEFAULT 0 NOT NULL, "current_sign_in_at" timestamp, "last_sign_in_at" timestamp, "current_sign_in_ip" character varying, "last_sign_in_ip" character varying, "created_at" timestamp(6) NOT NULL, "updated_at" timestamp(6) NOT NULL)[0m
  [1m[35m (1.7ms)[0m  [1m[35mCREATE UNIQUE INDEX "index_accounts_on_email" ON "accounts" ("email")[0m
  [1m[35m (1.7ms)[0m  [1m[35mCREATE UNIQUE INDEX "index_accounts_on_reset_password_token" ON "accounts" ("reset_password_token")[0m
  [1m[36mActiveRecord::SchemaMigration Create (0.5ms)[0m  [1m[32mINSERT INTO "schema_migrations" ("version") VALUES ($1) RETURNING "version"[0m  [["version", "20210105111511"]]
  [1m[36mTRANSACTION (0.8ms)[0m  [1m[35mCOMMIT[0m
  [1m[36mActiveRecord::InternalMetadata Load (1.0ms)[0m  [1m[34mSELECT "ar_internal_metadata".* FROM "ar_internal_metadata" WHERE "ar_internal_metadata"."key" = $1 LIMIT $2[0m  [["key", "environment"], ["LIMIT", 1]]
  [1m[36mTRANSACTION (0.3ms)[0m  [1m[35mBEGIN[0m
  [1m[36mActiveRecord::InternalMetadata Create (0.5ms)[0m  [1m[32mINSERT INTO "ar_internal_metadata" ("key", "value", "created_at", "updated_at") VALUES ($1, $2, $3, $4) RETURNING "key"[0m  [["key", "environment"], ["value", "development"], ["created_at", "2021-01-05 11:25:46.046932"], ["updated_at", "2021-01-05 11:25:46.046932"]]
  [1m[36mTRANSACTION (0.4ms)[0m  [1m[35mCOMMIT[0m
  [1m[35m (0.2ms)[0m  [1m[34mSELECT pg_advisory_unlock(7024507325193220695)[0m
  [1m[35m (2.3ms)[0m  [1m[34mSELECT "schema_migrations"."version" FROM "schema_migrations" ORDER BY "schema_migrations"."version" ASC[0m
Started GET "/" for ::1 at 2021-01-05 20:26:29 +0900
  [1m[35m (1.1ms)[0m  [1m[34mSELECT "schema_migrations"."version" FROM "schema_migrations" ORDER BY "schema_migrations"."version" ASC[0m
  
ActionController::RoutingError (uninitialized constant PublicController):
  
Started GET "/" for ::1 at 2021-01-05 20:33:46 +0900
Processing by PublicController#homepage as HTML
  Rendering layout layouts/application.html.erb
  Rendering public/homepage.html.erb within layouts/application
  Rendered public/homepage.html.erb within layouts/application (Duration: 0.4ms | Allocations: 111)
[Webpacker] Compiling...
[Webpacker] Compiled all packs in /Users/kume_natsuya/Documents/dev/instagram-clone/public/packs
[Webpacker] Hash: 415a948d492e21802f43
Version: webpack 4.44.2
Time: 1675ms
Built at: 2021/01/05 20:33:50
                                     Asset       Size       Chunks                         Chunk Names
    js/application-d5a3c3b4dce84b5eb605.js    125 KiB  application  [emitted] [immutable]  application
js/application-d5a3c3b4dce84b5eb605.js.map    139 KiB  application  [emitted] [dev]        application
                             manifest.json  364 bytes               [emitted]              
Entrypoint application = js/application-d5a3c3b4dce84b5eb605.js js/application-d5a3c3b4dce84b5eb605.js.map
[./app/javascript/channels sync recursive _channel\.js$] ./app/javascript/channels sync _channel\.js$ 160 bytes {application} [built]
[./app/javascript/channels/index.js] 211 bytes {application} [built]
[./app/javascript/packs/application.js] 492 bytes {application} [built]
[./node_modules/webpack/buildin/module.js] (webpack)/buildin/module.js 552 bytes {application} [built]
    + 3 hidden modules

  Rendered layout layouts/application.html.erb (Duration: 3730.5ms | Allocations: 17788)
Completed 200 OK in 3746ms (Views: 3732.7ms | Allocations: 20560)


Started GET "/" for ::1 at 2021-01-05 21:07:21 +0900
Processing by PublicController#homepage as HTML
  Rendering layout layouts/application.html.erb
  Rendering public/homepage.html.erb within layouts/application
  Rendered public/homepage.html.erb within layouts/application (Duration: 0.8ms | Allocations: 182)
  Rendered layout layouts/application.html.erb (Duration: 11.7ms | Allocations: 6169)
Completed 500 Internal Server Error in 17ms (Allocations: 7382)


  
ActionView::Template::Error (couldn't find file 'bootstrap.min.' with type 'text/css'
Checked in these paths: 
  /Users/kume_natsuya/Documents/dev/instagram-clone/app/assets/config
  /Users/kume_natsuya/Documents/dev/instagram-clone/app/assets/images
  /Users/kume_natsuya/Documents/dev/instagram-clone/app/assets/stylesheets
  /Users/kume_natsuya/.rbenv/versions/2.6.6/lib/ruby/gems/2.6.0/gems/actioncable-6.1.0/app/assets/javascripts
  /Users/kume_natsuya/.rbenv/versions/2.6.6/lib/ruby/gems/2.6.0/gems/activestorage-6.1.0/app/assets/javascripts
  /Users/kume_natsuya/.rbenv/versions/2.6.6/lib/ruby/gems/2.6.0/gems/actionview-6.1.0/lib/assets/compiled
  /Users/kume_natsuya/.rbenv/versions/2.6.6/lib/ruby/gems/2.6.0/gems/turbolinks-source-5.2.0/lib/assets/javascripts
  /Users/kume_natsuya/Documents/dev/instagram-clone/node_modules
  /Users/kume_natsuya/.rbenv/versions/2.6.6/lib/ruby/gems/2.6.0/gems/bootstrap-sass-3.4.1/assets/stylesheets
  /Users/kume_natsuya/.rbenv/versions/2.6.6/lib/ruby/gems/2.6.0/gems/bootstrap-sass-3.4.1/assets/javascripts
  /Users/kume_natsuya/.rbenv/versions/2.6.6/lib/ruby/gems/2.6.0/gems/bootstrap-sass-3.4.1/assets/fonts
  /Users/kume_natsuya/.rbenv/versions/2.6.6/lib/ruby/gems/2.6.0/gems/bootstrap-sass-3.4.1/assets/images):
    14:     <%= csrf_meta_tags %>
    15:     <%= csp_meta_tag %>
    16: 
    17:     <%= stylesheet_link_tag 'application', media: 'all', 'data-turbolinks-track': 'reload' %>
    18:     <%= javascript_pack_tag 'application', 'data-turbolinks-track': 'reload' %>
    19: </head>
    20: 
  
app/assets/stylesheets/application.css:14
app/views/layouts/application.html.erb:17
Started GET "/" for ::1 at 2021-01-05 21:10:02 +0900
  [1m[35m (3.3ms)[0m  [1m[34mSELECT "schema_migrations"."version" FROM "schema_migrations" ORDER BY "schema_migrations"."version" ASC[0m
Processing by PublicController#homepage as HTML
  Rendering layout layouts/application.html.erb
  Rendering public/homepage.html.erb within layouts/application
  Rendered public/homepage.html.erb within layouts/application (Duration: 1.7ms | Allocations: 311)
  Rendered layout layouts/application.html.erb (Duration: 9.1ms | Allocations: 6850)
Completed 500 Internal Server Error in 28ms (ActiveRecord: 0.0ms | Allocations: 9701)


  
ActionView::Template::Error (couldn't find file 'bootstrap.min.' with type 'text/css'
Checked in these paths: 
  /Users/kume_natsuya/Documents/dev/instagram-clone/app/assets/config
  /Users/kume_natsuya/Documents/dev/instagram-clone/app/assets/images
  /Users/kume_natsuya/Documents/dev/instagram-clone/app/assets/stylesheets
  /Users/kume_natsuya/Documents/dev/instagram-clone/vendor/assets/javascripts
  /Users/kume_natsuya/Documents/dev/instagram-clone/vendor/assets/stylesheets
  /Users/kume_natsuya/.rbenv/versions/2.6.6/lib/ruby/gems/2.6.0/gems/actioncable-6.1.0/app/assets/javascripts
  /Users/kume_natsuya/.rbenv/versions/2.6.6/lib/ruby/gems/2.6.0/gems/activestorage-6.1.0/app/assets/javascripts
  /Users/kume_natsuya/.rbenv/versions/2.6.6/lib/ruby/gems/2.6.0/gems/actionview-6.1.0/lib/assets/compiled
  /Users/kume_natsuya/.rbenv/versions/2.6.6/lib/ruby/gems/2.6.0/gems/turbolinks-source-5.2.0/lib/assets/javascripts
  /Users/kume_natsuya/Documents/dev/instagram-clone/node_modules
  /Users/kume_natsuya/.rbenv/versions/2.6.6/lib/ruby/gems/2.6.0/gems/bootstrap-sass-3.4.1/assets/stylesheets
  /Users/kume_natsuya/.rbenv/versions/2.6.6/lib/ruby/gems/2.6.0/gems/bootstrap-sass-3.4.1/assets/javascripts
  /Users/kume_natsuya/.rbenv/versions/2.6.6/lib/ruby/gems/2.6.0/gems/bootstrap-sass-3.4.1/assets/fonts
  /Users/kume_natsuya/.rbenv/versions/2.6.6/lib/ruby/gems/2.6.0/gems/bootstrap-sass-3.4.1/assets/images):
    14:     <%= csrf_meta_tags %>
    15:     <%= csp_meta_tag %>
    16: 
    17:     <%= stylesheet_link_tag 'application', media: 'all', 'data-turbolinks-track': 'reload' %>
    18:     <%= javascript_pack_tag 'application', 'data-turbolinks-track': 'reload' %>
    19: </head>
    20: 
  
app/assets/stylesheets/application.css:14
app/views/layouts/application.html.erb:17
Started GET "/" for ::1 at 2021-01-05 21:10:05 +0900
Processing by PublicController#homepage as HTML
  Rendering layout layouts/application.html.erb
  Rendering public/homepage.html.erb within layouts/application
  Rendered public/homepage.html.erb within layouts/application (Duration: 0.2ms | Allocations: 96)
  Rendered layout layouts/application.html.erb (Duration: 23.3ms | Allocations: 6079)
Completed 500 Internal Server Error in 24ms (ActiveRecord: 0.0ms | Allocations: 6546)


  
ActionView::Template::Error (couldn't find file 'bootstrap.min.' with type 'text/css'
Checked in these paths: 
  /Users/kume_natsuya/Documents/dev/instagram-clone/app/assets/config
  /Users/kume_natsuya/Documents/dev/instagram-clone/app/assets/images
  /Users/kume_natsuya/Documents/dev/instagram-clone/app/assets/stylesheets
  /Users/kume_natsuya/Documents/dev/instagram-clone/vendor/assets/javascripts
  /Users/kume_natsuya/Documents/dev/instagram-clone/vendor/assets/stylesheets
  /Users/kume_natsuya/.rbenv/versions/2.6.6/lib/ruby/gems/2.6.0/gems/actioncable-6.1.0/app/assets/javascripts
  /Users/kume_natsuya/.rbenv/versions/2.6.6/lib/ruby/gems/2.6.0/gems/activestorage-6.1.0/app/assets/javascripts
  /Users/kume_natsuya/.rbenv/versions/2.6.6/lib/ruby/gems/2.6.0/gems/actionview-6.1.0/lib/assets/compiled
  /Users/kume_natsuya/.rbenv/versions/2.6.6/lib/ruby/gems/2.6.0/gems/turbolinks-source-5.2.0/lib/assets/javascripts
  /Users/kume_natsuya/Documents/dev/instagram-clone/node_modules
  /Users/kume_natsuya/.rbenv/versions/2.6.6/lib/ruby/gems/2.6.0/gems/bootstrap-sass-3.4.1/assets/stylesheets
  /Users/kume_natsuya/.rbenv/versions/2.6.6/lib/ruby/gems/2.6.0/gems/bootstrap-sass-3.4.1/assets/javascripts
  /Users/kume_natsuya/.rbenv/versions/2.6.6/lib/ruby/gems/2.6.0/gems/bootstrap-sass-3.4.1/assets/fonts
  /Users/kume_natsuya/.rbenv/versions/2.6.6/lib/ruby/gems/2.6.0/gems/bootstrap-sass-3.4.1/assets/images):
    14:     <%= csrf_meta_tags %>
    15:     <%= csp_meta_tag %>
    16: 
    17:     <%= stylesheet_link_tag 'application', media: 'all', 'data-turbolinks-track': 'reload' %>
    18:     <%= javascript_pack_tag 'application', 'data-turbolinks-track': 'reload' %>
    19: </head>
    20: 
  
app/assets/stylesheets/application.css:14
app/views/layouts/application.html.erb:17
Started GET "/" for ::1 at 2021-01-05 21:10:09 +0900
Processing by PublicController#homepage as HTML
  Rendering layout layouts/application.html.erb
  Rendering public/homepage.html.erb within layouts/application
  Rendered public/homepage.html.erb within layouts/application (Duration: 0.3ms | Allocations: 70)
  Rendered layout layouts/application.html.erb (Duration: 6.2ms | Allocations: 5939)
Completed 500 Internal Server Error in 7ms (ActiveRecord: 0.0ms | Allocations: 6321)


  
ActionView::Template::Error (couldn't find file 'bootstrap.min.' with type 'text/css'
Checked in these paths: 
  /Users/kume_natsuya/Documents/dev/instagram-clone/app/assets/config
  /Users/kume_natsuya/Documents/dev/instagram-clone/app/assets/images
  /Users/kume_natsuya/Documents/dev/instagram-clone/app/assets/stylesheets
  /Users/kume_natsuya/Documents/dev/instagram-clone/vendor/assets/javascripts
  /Users/kume_natsuya/Documents/dev/instagram-clone/vendor/assets/stylesheets
  /Users/kume_natsuya/.rbenv/versions/2.6.6/lib/ruby/gems/2.6.0/gems/actioncable-6.1.0/app/assets/javascripts
  /Users/kume_natsuya/.rbenv/versions/2.6.6/lib/ruby/gems/2.6.0/gems/activestorage-6.1.0/app/assets/javascripts
  /Users/kume_natsuya/.rbenv/versions/2.6.6/lib/ruby/gems/2.6.0/gems/actionview-6.1.0/lib/assets/compiled
  /Users/kume_natsuya/.rbenv/versions/2.6.6/lib/ruby/gems/2.6.0/gems/turbolinks-source-5.2.0/lib/assets/javascripts
  /Users/kume_natsuya/Documents/dev/instagram-clone/node_modules
  /Users/kume_natsuya/.rbenv/versions/2.6.6/lib/ruby/gems/2.6.0/gems/bootstrap-sass-3.4.1/assets/stylesheets
  /Users/kume_natsuya/.rbenv/versions/2.6.6/lib/ruby/gems/2.6.0/gems/bootstrap-sass-3.4.1/assets/javascripts
  /Users/kume_natsuya/.rbenv/versions/2.6.6/lib/ruby/gems/2.6.0/gems/bootstrap-sass-3.4.1/assets/fonts
  /Users/kume_natsuya/.rbenv/versions/2.6.6/lib/ruby/gems/2.6.0/gems/bootstrap-sass-3.4.1/assets/images):
    14:     <%= csrf_meta_tags %>
    15:     <%= csp_meta_tag %>
    16: 
    17:     <%= stylesheet_link_tag 'application', media: 'all', 'data-turbolinks-track': 'reload' %>
    18:     <%= javascript_pack_tag 'application', 'data-turbolinks-track': 'reload' %>
    19: </head>
    20: 
  
app/assets/stylesheets/application.css:14
app/views/layouts/application.html.erb:17
Started GET "/" for ::1 at 2021-01-05 21:10:51 +0900
Processing by PublicController#homepage as HTML
  Rendering layout layouts/application.html.erb
  Rendering public/homepage.html.erb within layouts/application
  Rendered public/homepage.html.erb within layouts/application (Duration: 0.5ms | Allocations: 164)
[Webpacker] Everything's up-to-date. Nothing to do
  Rendered layout layouts/application.html.erb (Duration: 95.4ms | Allocations: 18928)
Completed 200 OK in 98ms (Views: 97.5ms | ActiveRecord: 0.0ms | Allocations: 20179)


Started GET "/accounts/sign_up" for ::1 at 2021-01-05 21:11:04 +0900
Processing by Devise::RegistrationsController#new as HTML
  Rendering layout layouts/application.html.erb
  Rendering devise/registrations/new.html.erb within layouts/application
  Rendered devise/shared/_error_messages.html.erb (Duration: 0.6ms | Allocations: 230)
  Rendered devise/shared/_links.html.erb (Duration: 1.1ms | Allocations: 541)
  Rendered devise/registrations/new.html.erb within layouts/application (Duration: 51.8ms | Allocations: 8866)
[Webpacker] Everything's up-to-date. Nothing to do
  Rendered layout layouts/application.html.erb (Duration: 58.4ms | Allocations: 12884)
Completed 200 OK in 88ms (Views: 61.1ms | ActiveRecord: 8.4ms | Allocations: 23501)


Started GET "/accounts/sign_up" for ::1 at 2021-01-05 21:12:43 +0900
Processing by Devise::RegistrationsController#new as HTML
  Rendering layout layouts/application.html.erb
  Rendering devise/registrations/new.html.erb within layouts/application
  Rendered devise/shared/_error_messages.html.erb (Duration: 0.4ms | Allocations: 221)
  Rendered devise/shared/_links.html.erb (Duration: 1.0ms | Allocations: 486)
  Rendered devise/registrations/new.html.erb within layouts/application (Duration: 4.2ms | Allocations: 2225)
[Webpacker] Everything's up-to-date. Nothing to do
  Rendered layout layouts/application.html.erb (Duration: 11.2ms | Allocations: 6509)
Completed 200 OK in 15ms (Views: 14.0ms | ActiveRecord: 0.0ms | Allocations: 8217)


Started GET "/accounts/sign_up" for ::1 at 2021-01-05 21:14:19 +0900
Processing by Devise::RegistrationsController#new as HTML
  Rendering layout layouts/application.html.erb
  Rendering devise/registrations/new.html.erb within layouts/application
  Rendered devise/shared/_error_messages.html.erb (Duration: 0.5ms | Allocations: 221)
  Rendered devise/shared/_links.html.erb (Duration: 0.8ms | Allocations: 486)
  Rendered devise/registrations/new.html.erb within layouts/application (Duration: 4.9ms | Allocations: 2225)
[Webpacker] Everything's up-to-date. Nothing to do
  Rendered layout layouts/application.html.erb (Duration: 11.8ms | Allocations: 6506)
Completed 200 OK in 16ms (Views: 15.6ms | ActiveRecord: 0.0ms | Allocations: 8201)


Started GET "/" for ::1 at 2021-01-05 21:14:26 +0900
Processing by PublicController#homepage as HTML
  Rendering layout layouts/application.html.erb
  Rendering public/homepage.html.erb within layouts/application
  Rendered public/homepage.html.erb within layouts/application (Duration: 0.7ms | Allocations: 220)
[Webpacker] Everything's up-to-date. Nothing to do
  Rendered layout layouts/application.html.erb (Duration: 7.3ms | Allocations: 4232)
Completed 200 OK in 10ms (Views: 9.2ms | ActiveRecord: 0.0ms | Allocations: 5246)


Started GET "/accounts/sign_in" for ::1 at 2021-01-05 21:14:35 +0900
Processing by Devise::SessionsController#new as HTML
  Rendering layout layouts/application.html.erb
  Rendering devise/sessions/new.html.erb within layouts/application
  Rendered devise/shared/_links.html.erb (Duration: 0.7ms | Allocations: 233)
  Rendered devise/sessions/new.html.erb within layouts/application (Duration: 11.2ms | Allocations: 1991)
[Webpacker] Everything's up-to-date. Nothing to do
  Rendered layout layouts/application.html.erb (Duration: 18.5ms | Allocations: 6010)
Completed 200 OK in 28ms (Views: 21.9ms | ActiveRecord: 0.0ms | Allocations: 7906)


Started GET "/accounts/sign_up" for ::1 at 2021-01-05 21:14:40 +0900
Processing by Devise::RegistrationsController#new as HTML
  Rendering layout layouts/application.html.erb
  Rendering devise/registrations/new.html.erb within layouts/application
  Rendered devise/shared/_error_messages.html.erb (Duration: 0.1ms | Allocations: 43)
  Rendered devise/shared/_links.html.erb (Duration: 0.3ms | Allocations: 103)
  Rendered devise/registrations/new.html.erb within layouts/application (Duration: 2.9ms | Allocations: 1089)
[Webpacker] Everything's up-to-date. Nothing to do
  Rendered layout layouts/application.html.erb (Duration: 9.8ms | Allocations: 5146)
Completed 200 OK in 12ms (Views: 10.7ms | ActiveRecord: 0.0ms | Allocations: 5704)


Started GET "/accounts/sign_in" for ::1 at 2021-01-05 21:14:44 +0900
Processing by Devise::SessionsController#new as HTML
  Rendering layout layouts/application.html.erb
  Rendering devise/sessions/new.html.erb within layouts/application
  Rendered devise/shared/_links.html.erb (Duration: 0.3ms | Allocations: 153)
  Rendered devise/sessions/new.html.erb within layouts/application (Duration: 2.6ms | Allocations: 1028)
[Webpacker] Everything's up-to-date. Nothing to do
  Rendered layout layouts/application.html.erb (Duration: 12.6ms | Allocations: 5084)
Completed 200 OK in 14ms (Views: 13.4ms | ActiveRecord: 0.0ms | Allocations: 5699)


Started GET "/accounts/sign_up" for ::1 at 2021-01-05 21:14:48 +0900
Processing by Devise::RegistrationsController#new as HTML
  Rendering layout layouts/application.html.erb
  Rendering devise/registrations/new.html.erb within layouts/application
  Rendered devise/shared/_error_messages.html.erb (Duration: 0.1ms | Allocations: 43)
  Rendered devise/shared/_links.html.erb (Duration: 0.8ms | Allocations: 102)
  Rendered devise/registrations/new.html.erb within layouts/application (Duration: 4.2ms | Allocations: 1080)
[Webpacker] Everything's up-to-date. Nothing to do
  Rendered layout layouts/application.html.erb (Duration: 12.6ms | Allocations: 5136)
Completed 200 OK in 15ms (Views: 13.5ms | ActiveRecord: 0.0ms | Allocations: 5686)


Started GET "/accounts/sign_in" for ::1 at 2021-01-05 21:14:54 +0900
Processing by Devise::SessionsController#new as HTML
  Rendering layout layouts/application.html.erb
  Rendering devise/sessions/new.html.erb within layouts/application
  Rendered devise/shared/_links.html.erb (Duration: 1.5ms | Allocations: 153)
  Rendered devise/sessions/new.html.erb within layouts/application (Duration: 4.6ms | Allocations: 1028)
[Webpacker] Everything's up-to-date. Nothing to do
  Rendered layout layouts/application.html.erb (Duration: 12.7ms | Allocations: 5084)
Completed 200 OK in 15ms (Views: 13.5ms | ActiveRecord: 0.0ms | Allocations: 5698)


Started GET "/" for ::1 at 2021-01-05 21:14:58 +0900
Processing by PublicController#homepage as HTML
  Rendering layout layouts/application.html.erb
  Rendering public/homepage.html.erb within layouts/application
  Rendered public/homepage.html.erb within layouts/application (Duration: 0.5ms | Allocations: 99)
[Webpacker] Everything's up-to-date. Nothing to do
  Rendered layout layouts/application.html.erb (Duration: 9.1ms | Allocations: 4111)
Completed 200 OK in 11ms (Views: 9.9ms | ActiveRecord: 0.0ms | Allocations: 4525)


Started GET "/" for ::1 at 2021-01-05 21:15:00 +0900
Processing by PublicController#homepage as HTML
  Rendering layout layouts/application.html.erb
  Rendering public/homepage.html.erb within layouts/application
  Rendered public/homepage.html.erb within layouts/application (Duration: 0.3ms | Allocations: 93)
[Webpacker] Everything's up-to-date. Nothing to do
  Rendered layout layouts/application.html.erb (Duration: 27.6ms | Allocations: 4625)
Completed 200 OK in 29ms (Views: 28.4ms | ActiveRecord: 0.0ms | Allocations: 5051)


Started GET "/" for ::1 at 2021-01-05 21:15:00 +0900
Processing by PublicController#homepage as HTML
  Rendering layout layouts/application.html.erb
  Rendering public/homepage.html.erb within layouts/application
  Rendered public/homepage.html.erb within layouts/application (Duration: 0.3ms | Allocations: 93)
[Webpacker] Everything's up-to-date. Nothing to do
  Rendered layout layouts/application.html.erb (Duration: 10.8ms | Allocations: 4103)
Completed 200 OK in 12ms (Views: 11.5ms | ActiveRecord: 0.0ms | Allocations: 4516)


Started GET "/accounts/sign_up" for ::1 at 2021-01-05 21:15:31 +0900
Processing by Devise::RegistrationsController#new as HTML
  Rendering layout layouts/application.html.erb
  Rendering devise/registrations/new.html.erb within layouts/application
  Rendered devise/shared/_error_messages.html.erb (Duration: 0.1ms | Allocations: 43)
  Rendered devise/shared/_links.html.erb (Duration: 0.3ms | Allocations: 102)
  Rendered devise/registrations/new.html.erb within layouts/application (Duration: 3.0ms | Allocations: 1080)
[Webpacker] Everything's up-to-date. Nothing to do
  Rendered layout layouts/application.html.erb (Duration: 11.4ms | Allocations: 5136)
Completed 200 OK in 14ms (Views: 12.5ms | ActiveRecord: 0.0ms | Allocations: 5688)


Started POST "/accounts" for ::1 at 2021-01-05 21:15:59 +0900
Processing by Devise::RegistrationsController#create as HTML
  Parameters: {"authenticity_token"=>"[FILTERED]", "account"=>{"email"=>"insta@test.com", "password"=>"[FILTERED]", "password_confirmation"=>"[FILTERED]"}, "commit"=>"Sign up"}
  [1m[36mTRANSACTION (0.7ms)[0m  [1m[35mBEGIN[0m
  [1m[36mAccount Exists? (2.4ms)[0m  [1m[34mSELECT 1 AS one FROM "accounts" WHERE "accounts"."email" = $1 LIMIT $2[0m  [["email", "insta@test.com"], ["LIMIT", 1]]
  [1m[36mAccount Create (1.9ms)[0m  [1m[32mINSERT INTO "accounts" ("email", "encrypted_password", "created_at", "updated_at") VALUES ($1, $2, $3, $4) RETURNING "id"[0m  [["email", "insta@test.com"], ["encrypted_password", "$2a$12$iKyV5FlWe71lpeyJMpxy/OLKnJr7uNHADF9C/Q0fI91C6uHjuAszS"], ["created_at", "2021-01-05 12:15:59.901193"], ["updated_at", "2021-01-05 12:15:59.901193"]]
  [1m[36mTRANSACTION (2.7ms)[0m  [1m[35mCOMMIT[0m
Redirected to http://localhost:3000/
Completed 302 Found in 548ms (ActiveRecord: 7.7ms | Allocations: 11017)


Started GET "/" for ::1 at 2021-01-05 21:15:59 +0900
Processing by PublicController#homepage as HTML
  Rendering layout layouts/application.html.erb
  Rendering public/homepage.html.erb within layouts/application
  Rendered public/homepage.html.erb within layouts/application (Duration: 0.2ms | Allocations: 93)
[Webpacker] Everything's up-to-date. Nothing to do
  Rendered layout layouts/application.html.erb (Duration: 6.1ms | Allocations: 4102)
Completed 200 OK in 7ms (Views: 6.5ms | ActiveRecord: 0.0ms | Allocations: 4523)


Started GET "/accounts/sign_in" for ::1 at 2021-01-05 21:16:42 +0900
Processing by Devise::SessionsController#new as HTML
  [1m[36mAccount Load (1.2ms)[0m  [1m[34mSELECT "accounts".* FROM "accounts" WHERE "accounts"."id" = $1 ORDER BY "accounts"."id" ASC LIMIT $2[0m  [["id", 1], ["LIMIT", 1]]
Redirected to http://localhost:3000/
Filter chain halted as :require_no_authentication rendered or redirected
Completed 302 Found in 8ms (ActiveRecord: 2.3ms | Allocations: 1968)


Started GET "/" for ::1 at 2021-01-05 21:16:42 +0900
Processing by PublicController#homepage as HTML
  Rendering layout layouts/application.html.erb
  Rendering public/homepage.html.erb within layouts/application
  Rendered public/homepage.html.erb within layouts/application (Duration: 0.4ms | Allocations: 93)
[Webpacker] Everything's up-to-date. Nothing to do
  Rendered layout layouts/application.html.erb (Duration: 9.6ms | Allocations: 4190)
Completed 200 OK in 11ms (Views: 10.2ms | ActiveRecord: 0.0ms | Allocations: 4627)


Started GET "/" for ::1 at 2021-01-05 21:31:00 +0900
Processing by PublicController#homepage as HTML
  Rendering layout layouts/application.html.erb
  Rendering public/homepage.html.erb within layouts/application
  Rendered public/homepage.html.erb within layouts/application (Duration: 1.3ms | Allocations: 221)
[Webpacker] Everything's up-to-date. Nothing to do
  Rendered layout layouts/application.html.erb (Duration: 64.6ms | Allocations: 16028)
Completed 200 OK in 67ms (Views: 66.4ms | Allocations: 17283)


Started GET "/" for ::1 at 2021-01-05 21:31:03 +0900
Processing by PublicController#homepage as HTML
  Rendering layout layouts/application.html.erb
  Rendering public/homepage.html.erb within layouts/application
  Rendered public/homepage.html.erb within layouts/application (Duration: 0.2ms | Allocations: 99)
[Webpacker] Everything's up-to-date. Nothing to do
  Rendered layout layouts/application.html.erb (Duration: 6.4ms | Allocations: 4206)
Completed 200 OK in 7ms (Views: 6.9ms | Allocations: 4626)


  [1m[35m (0.2ms)[0m  [1m[34mSELECT pg_try_advisory_lock(7024507325193220695)[0m
  [1m[35m (1.6ms)[0m  [1m[34mSELECT "schema_migrations"."version" FROM "schema_migrations" ORDER BY "schema_migrations"."version" ASC[0m
Migrating to CreatePosts (20210105123157)
  [1m[36mTRANSACTION (0.2ms)[0m  [1m[35mBEGIN[0m
  [1m[35m (14.6ms)[0m  [1m[35mCREATE TABLE "posts" ("id" bigserial primary key, "image" character varying, "active" boolean, "account_id" bigint, "created_at" timestamp(6) NOT NULL, "updated_at" timestamp(6) NOT NULL)[0m
  [1m[35m (1.4ms)[0m  [1m[35mCREATE INDEX "index_posts_on_account_id" ON "posts" ("account_id")[0m
  [1m[36mActiveRecord::SchemaMigration Create (0.3ms)[0m  [1m[32mINSERT INTO "schema_migrations" ("version") VALUES ($1) RETURNING "version"[0m  [["version", "20210105123157"]]
  [1m[36mTRANSACTION (1.2ms)[0m  [1m[35mCOMMIT[0m
  [1m[36mActiveRecord::InternalMetadata Load (2.2ms)[0m  [1m[34mSELECT "ar_internal_metadata".* FROM "ar_internal_metadata" WHERE "ar_internal_metadata"."key" = $1 LIMIT $2[0m  [["key", "environment"], ["LIMIT", 1]]
  [1m[35m (0.3ms)[0m  [1m[34mSELECT pg_advisory_unlock(7024507325193220695)[0m
  [1m[35m (0.7ms)[0m  [1m[34mSELECT "schema_migrations"."version" FROM "schema_migrations" ORDER BY "schema_migrations"."version" ASC[0m
Started GET "/" for ::1 at 2021-01-05 22:10:50 +0900
  [1m[35m (1.6ms)[0m  [1m[34mSELECT "schema_migrations"."version" FROM "schema_migrations" ORDER BY "schema_migrations"."version" ASC[0m
Processing by PublicController#homepage as HTML
  Rendering layout layouts/application.html.erb
  Rendering public/homepage.html.erb within layouts/application
  Rendered public/homepage.html.erb within layouts/application (Duration: 0.3ms | Allocations: 102)
[Webpacker] Everything's up-to-date. Nothing to do
  Rendered layout layouts/application.html.erb (Duration: 7.6ms | Allocations: 4192)
Completed 200 OK in 9ms (Views: 8.4ms | ActiveRecord: 0.0ms | Allocations: 4761)


Started GET "/" for ::1 at 2021-01-05 22:10:51 +0900
Processing by PublicController#homepage as HTML
  Rendering layout layouts/application.html.erb
  Rendering public/homepage.html.erb within layouts/application
  Rendered public/homepage.html.erb within layouts/application (Duration: 0.2ms | Allocations: 93)
[Webpacker] Everything's up-to-date. Nothing to do
  Rendered layout layouts/application.html.erb (Duration: 7.2ms | Allocations: 4200)
Completed 200 OK in 8ms (Views: 7.7ms | ActiveRecord: 0.0ms | Allocations: 4619)


Started GET "/" for ::1 at 2021-01-05 22:10:52 +0900
Processing by PublicController#homepage as HTML
  Rendering layout layouts/application.html.erb
  Rendering public/homepage.html.erb within layouts/application
  Rendered public/homepage.html.erb within layouts/application (Duration: 0.4ms | Allocations: 93)
[Webpacker] Everything's up-to-date. Nothing to do
  Rendered layout layouts/application.html.erb (Duration: 11.8ms | Allocations: 4200)
Completed 200 OK in 13ms (Views: 12.5ms | ActiveRecord: 0.0ms | Allocations: 4619)


Started GET "/accounts/sign_up" for ::1 at 2021-01-05 22:10:54 +0900
Processing by Devise::RegistrationsController#new as HTML
  [1m[36mAccount Load (4.6ms)[0m  [1m[34mSELECT "accounts".* FROM "accounts" WHERE "accounts"."id" = $1 ORDER BY "accounts"."id" ASC LIMIT $2[0m  [["id", 1], ["LIMIT", 1]]
Redirected to http://localhost:3000/
Filter chain halted as :require_no_authentication rendered or redirected
Completed 302 Found in 22ms (ActiveRecord: 6.2ms | Allocations: 8880)


Started GET "/" for ::1 at 2021-01-05 22:10:54 +0900
Processing by PublicController#homepage as HTML
  Rendering layout layouts/application.html.erb
  Rendering public/homepage.html.erb within layouts/application
  Rendered public/homepage.html.erb within layouts/application (Duration: 0.2ms | Allocations: 93)
[Webpacker] Everything's up-to-date. Nothing to do
  Rendered layout layouts/application.html.erb (Duration: 5.7ms | Allocations: 4200)
Completed 200 OK in 7ms (Views: 6.1ms | ActiveRecord: 0.0ms | Allocations: 4636)


Started GET "/accounts/sign_in" for ::1 at 2021-01-05 22:10:56 +0900
Processing by Devise::SessionsController#new as HTML
  [1m[36mAccount Load (1.1ms)[0m  [1m[34mSELECT "accounts".* FROM "accounts" WHERE "accounts"."id" = $1 ORDER BY "accounts"."id" ASC LIMIT $2[0m  [["id", 1], ["LIMIT", 1]]
Redirected to http://localhost:3000/
Filter chain halted as :require_no_authentication rendered or redirected
Completed 302 Found in 6ms (ActiveRecord: 1.1ms | Allocations: 1738)


Started GET "/" for ::1 at 2021-01-05 22:10:56 +0900
Processing by PublicController#homepage as HTML
  Rendering layout layouts/application.html.erb
  Rendering public/homepage.html.erb within layouts/application
  Rendered public/homepage.html.erb within layouts/application (Duration: 0.2ms | Allocations: 93)
[Webpacker] Everything's up-to-date. Nothing to do
  Rendered layout layouts/application.html.erb (Duration: 19.4ms | Allocations: 4200)
Completed 200 OK in 20ms (Views: 19.9ms | ActiveRecord: 0.0ms | Allocations: 4636)


Started GET "/accounts/sign_up" for ::1 at 2021-01-05 22:10:56 +0900
Processing by Devise::RegistrationsController#new as HTML
  [1m[36mAccount Load (1.0ms)[0m  [1m[34mSELECT "accounts".* FROM "accounts" WHERE "accounts"."id" = $1 ORDER BY "accounts"."id" ASC LIMIT $2[0m  [["id", 1], ["LIMIT", 1]]
Redirected to http://localhost:3000/
Filter chain halted as :require_no_authentication rendered or redirected
Completed 302 Found in 5ms (ActiveRecord: 1.0ms | Allocations: 1644)


Started GET "/" for ::1 at 2021-01-05 22:10:56 +0900
Processing by PublicController#homepage as HTML
  Rendering layout layouts/application.html.erb
  Rendering public/homepage.html.erb within layouts/application
  Rendered public/homepage.html.erb within layouts/application (Duration: 0.2ms | Allocations: 93)
[Webpacker] Everything's up-to-date. Nothing to do
  Rendered layout layouts/application.html.erb (Duration: 8.7ms | Allocations: 4201)
Completed 200 OK in 10ms (Views: 9.1ms | ActiveRecord: 0.0ms | Allocations: 4636)


Started GET "/posts/new" for ::1 at 2021-01-05 22:37:45 +0900
Processing by PostsController#new as HTML
Completed 500 Internal Server Error in 6ms (Allocations: 2761)


  
NameError (uninitialized constant Post (call 'Post.connection' to establish a connection)::ImageUploader):
  
app/models/post.rb:2:in `<class:Post>'
app/models/post.rb:1:in `<main>'
app/controllers/posts_controller.rb:4:in `new'
Started GET "/" for ::1 at 2021-01-06 00:10:35 +0900
  [1m[35m (2.4ms)[0m  [1m[34mSELECT "schema_migrations"."version" FROM "schema_migrations" ORDER BY "schema_migrations"."version" ASC[0m
Processing by PublicController#homepage as HTML
  Rendering layout layouts/application.html.erb
  Rendering public/homepage.html.erb within layouts/application
  Rendered public/homepage.html.erb within layouts/application (Duration: 3.7ms | Allocations: 363)
[Webpacker] Everything's up-to-date. Nothing to do
  Rendered layout layouts/application.html.erb (Duration: 71.7ms | Allocations: 12031)
Completed 200 OK in 105ms (Views: 79.6ms | ActiveRecord: 0.0ms | Allocations: 14942)


Started GET "/" for ::1 at 2021-01-06 00:10:36 +0900
Processing by PublicController#homepage as HTML
  Rendering layout layouts/application.html.erb
  Rendering public/homepage.html.erb within layouts/application
  Rendered public/homepage.html.erb within layouts/application (Duration: 0.4ms | Allocations: 99)
[Webpacker] Everything's up-to-date. Nothing to do
  Rendered layout layouts/application.html.erb (Duration: 24.0ms | Allocations: 5107)
Completed 200 OK in 26ms (Views: 25.1ms | ActiveRecord: 0.0ms | Allocations: 5532)


Started GET "/accounts/sign_up" for ::1 at 2021-01-06 00:10:42 +0900
Processing by Devise::RegistrationsController#new as HTML
  [1m[36mAccount Load (3.8ms)[0m  [1m[34mSELECT "accounts".* FROM "accounts" WHERE "accounts"."id" = $1 ORDER BY "accounts"."id" ASC LIMIT $2[0m  [["id", 1], ["LIMIT", 1]]
Redirected to http://localhost:3000/
Filter chain halted as :require_no_authentication rendered or redirected
Completed 302 Found in 77ms (ActiveRecord: 16.7ms | Allocations: 13211)


Started GET "/" for ::1 at 2021-01-06 00:10:42 +0900
Processing by PublicController#homepage as HTML
  Rendering layout layouts/application.html.erb
  Rendering public/homepage.html.erb within layouts/application
  Rendered public/homepage.html.erb within layouts/application (Duration: 0.3ms | Allocations: 93)
[Webpacker] Everything's up-to-date. Nothing to do
  Rendered layout layouts/application.html.erb (Duration: 11.4ms | Allocations: 4201)
Completed 200 OK in 13ms (Views: 11.9ms | ActiveRecord: 0.0ms | Allocations: 4638)


Started GET "/accounts/sign_in" for ::1 at 2021-01-06 00:10:44 +0900
Processing by Devise::SessionsController#new as HTML
  [1m[36mAccount Load (1.0ms)[0m  [1m[34mSELECT "accounts".* FROM "accounts" WHERE "accounts"."id" = $1 ORDER BY "accounts"."id" ASC LIMIT $2[0m  [["id", 1], ["LIMIT", 1]]
Redirected to http://localhost:3000/
Filter chain halted as :require_no_authentication rendered or redirected
Completed 302 Found in 5ms (ActiveRecord: 1.0ms | Allocations: 1761)


Started GET "/" for ::1 at 2021-01-06 00:10:44 +0900
Processing by PublicController#homepage as HTML
  Rendering layout layouts/application.html.erb
  Rendering public/homepage.html.erb within layouts/application
  Rendered public/homepage.html.erb within layouts/application (Duration: 0.3ms | Allocations: 93)
[Webpacker] Everything's up-to-date. Nothing to do
  Rendered layout layouts/application.html.erb (Duration: 9.5ms | Allocations: 4305)
Completed 200 OK in 11ms (Views: 10.4ms | ActiveRecord: 0.0ms | Allocations: 4743)


Started GET "/posts/new" for ::1 at 2021-01-06 00:10:55 +0900
Processing by PostsController#new as HTML
  Rendering layout layouts/application.html.erb
  Rendering posts/new.html.erb within layouts/application
  Rendered posts/_form.html.erb (Duration: 7.6ms | Allocations: 2357)
  Rendered posts/new.html.erb within layouts/application (Duration: 9.3ms | Allocations: 2690)
  Rendered layout layouts/application.html.erb (Duration: 9.5ms | Allocations: 2771)
Completed 500 Internal Server Error in 25ms (ActiveRecord: 3.7ms | Allocations: 8489)


  
ActionView::Template::Error (undefined method `title_field' for #<ActionView::Helpers::FormBuilder:0x00007fc0d8c5a5a8>
Did you mean?  time_field
               file_field
               date_field):
    1: <%= form_for @post, html: { multipart: true } do |f| %>
    2: 
    3: <%= f.title_field :image %>
    4: <%= f.hidden_field :image_cache %>
    5: 
    6: <% end %>
  
app/views/posts/_form.html.erb:3
app/views/posts/_form.html.erb:1
app/views/posts/new.html.erb:3
Started GET "/posts/new" for ::1 at 2021-01-06 00:12:31 +0900
Processing by PostsController#new as HTML
  Rendering layout layouts/application.html.erb
  Rendering posts/new.html.erb within layouts/application
  Rendered posts/_form.html.erb (Duration: 20.9ms | Allocations: 3958)
  Rendered posts/new.html.erb within layouts/application (Duration: 21.7ms | Allocations: 4277)
[Webpacker] Everything's up-to-date. Nothing to do
  Rendered layout layouts/application.html.erb (Duration: 28.1ms | Allocations: 8511)
Completed 200 OK in 31ms (Views: 30.1ms | ActiveRecord: 0.0ms | Allocations: 9782)


Started GET "/posts/new" for ::1 at 2021-01-06 00:12:53 +0900
Processing by PostsController#new as HTML
  Rendering layout layouts/application.html.erb
  Rendering posts/new.html.erb within layouts/application
  Rendered posts/_form.html.erb (Duration: 1.2ms | Allocations: 261)
  Rendered posts/new.html.erb within layouts/application (Duration: 1.6ms | Allocations: 358)
[Webpacker] Everything's up-to-date. Nothing to do
  Rendered layout layouts/application.html.erb (Duration: 10.0ms | Allocations: 4467)
Completed 200 OK in 12ms (Views: 10.8ms | ActiveRecord: 0.0ms | Allocations: 4913)


Started GET "/posts/new" for ::1 at 2021-01-06 00:12:53 +0900
Processing by PostsController#new as HTML
  Rendering layout layouts/application.html.erb
  Rendering posts/new.html.erb within layouts/application
  Rendered posts/_form.html.erb (Duration: 1.0ms | Allocations: 249)
  Rendered posts/new.html.erb within layouts/application (Duration: 1.5ms | Allocations: 346)
[Webpacker] Everything's up-to-date. Nothing to do
  Rendered layout layouts/application.html.erb (Duration: 10.9ms | Allocations: 4453)
Completed 200 OK in 12ms (Views: 11.6ms | ActiveRecord: 0.0ms | Allocations: 4897)


Started GET "/posts/new" for ::1 at 2021-01-06 00:12:54 +0900
Processing by PostsController#new as HTML
  Rendering layout layouts/application.html.erb
  Rendering posts/new.html.erb within layouts/application
  Rendered posts/_form.html.erb (Duration: 1.4ms | Allocations: 249)
  Rendered posts/new.html.erb within layouts/application (Duration: 2.0ms | Allocations: 346)
[Webpacker] Everything's up-to-date. Nothing to do
  Rendered layout layouts/application.html.erb (Duration: 12.6ms | Allocations: 4455)
Completed 200 OK in 14ms (Views: 13.6ms | ActiveRecord: 0.0ms | Allocations: 4907)


Started GET "/posts/new" for ::1 at 2021-01-06 00:12:54 +0900
Processing by PostsController#new as HTML
  Rendering layout layouts/application.html.erb
  Rendering posts/new.html.erb within layouts/application
  Rendered posts/_form.html.erb (Duration: 1.3ms | Allocations: 249)
  Rendered posts/new.html.erb within layouts/application (Duration: 1.8ms | Allocations: 346)
[Webpacker] Everything's up-to-date. Nothing to do
  Rendered layout layouts/application.html.erb (Duration: 10.5ms | Allocations: 4453)
Completed 200 OK in 12ms (Views: 11.1ms | ActiveRecord: 0.0ms | Allocations: 4897)


Started GET "/" for ::1 at 2021-01-06 00:12:55 +0900
Processing by PublicController#homepage as HTML
  Rendering layout layouts/application.html.erb
  Rendering public/homepage.html.erb within layouts/application
  Rendered public/homepage.html.erb within layouts/application (Duration: 1.1ms | Allocations: 218)
[Webpacker] Everything's up-to-date. Nothing to do
  Rendered layout layouts/application.html.erb (Duration: 10.8ms | Allocations: 4327)
Completed 200 OK in 14ms (Views: 13.0ms | ActiveRecord: 0.0ms | Allocations: 5361)


Started GET "/accounts/sign_in" for ::1 at 2021-01-06 00:12:56 +0900
Processing by Devise::SessionsController#new as HTML
  [1m[36mAccount Load (1.4ms)[0m  [1m[34mSELECT "accounts".* FROM "accounts" WHERE "accounts"."id" = $1 ORDER BY "accounts"."id" ASC LIMIT $2[0m  [["id", 1], ["LIMIT", 1]]
Redirected to http://localhost:3000/
Filter chain halted as :require_no_authentication rendered or redirected
Completed 302 Found in 7ms (ActiveRecord: 1.4ms | Allocations: 1640)


Started GET "/" for ::1 at 2021-01-06 00:13:03 +0900
Processing by PublicController#homepage as HTML
  Rendering layout layouts/application.html.erb
  Rendering public/homepage.html.erb within layouts/application
  Rendered public/homepage.html.erb within layouts/application (Duration: 0.4ms | Allocations: 93)
[Webpacker] Everything's up-to-date. Nothing to do
  Rendered layout layouts/application.html.erb (Duration: 9.7ms | Allocations: 4201)
Completed 200 OK in 12ms (Views: 10.8ms | ActiveRecord: 0.0ms | Allocations: 4662)


Started GET "/users" for ::1 at 2021-01-06 00:13:08 +0900
  
ActionController::RoutingError (No route matches [GET] "/users"):
  
Started GET "/new" for ::1 at 2021-01-06 00:13:16 +0900
  
ActionController::RoutingError (No route matches [GET] "/new"):
  
Started GET "/posts/new" for ::1 at 2021-01-06 00:13:22 +0900
Processing by PostsController#new as HTML
  Rendering layout layouts/application.html.erb
  Rendering posts/new.html.erb within layouts/application
  Rendered posts/_form.html.erb (Duration: 0.7ms | Allocations: 263)
  Rendered posts/new.html.erb within layouts/application (Duration: 0.9ms | Allocations: 360)
[Webpacker] Everything's up-to-date. Nothing to do
  Rendered layout layouts/application.html.erb (Duration: 6.9ms | Allocations: 4469)
Completed 200 OK in 8ms (Views: 7.4ms | ActiveRecord: 0.0ms | Allocations: 4908)


Started GET "/posts" for ::1 at 2021-01-06 00:13:25 +0900
  
ActionController::RoutingError (No route matches [GET] "/posts"):
  
Started GET "/posts/new" for ::1 at 2021-01-06 00:13:29 +0900
Processing by PostsController#new as HTML
  Rendering layout layouts/application.html.erb
  Rendering posts/new.html.erb within layouts/application
  Rendered posts/_form.html.erb (Duration: 0.7ms | Allocations: 254)
  Rendered posts/new.html.erb within layouts/application (Duration: 1.0ms | Allocations: 351)
[Webpacker] Everything's up-to-date. Nothing to do
  Rendered layout layouts/application.html.erb (Duration: 8.8ms | Allocations: 4459)
Completed 200 OK in 10ms (Views: 9.2ms | ActiveRecord: 0.0ms | Allocations: 4897)


Started GET "/" for ::1 at 2021-01-06 00:15:50 +0900
  [1m[35m (1.2ms)[0m  [1m[34mSELECT "schema_migrations"."version" FROM "schema_migrations" ORDER BY "schema_migrations"."version" ASC[0m
Processing by PublicController#homepage as HTML
  Rendering layout layouts/application.html.erb
  Rendering public/homepage.html.erb within layouts/application
  Rendered public/homepage.html.erb within layouts/application (Duration: 1.7ms | Allocations: 363)
[Webpacker] Everything's up-to-date. Nothing to do
  Rendered layout layouts/application.html.erb (Duration: 17.8ms | Allocations: 7775)
Completed 200 OK in 34ms (Views: 21.2ms | ActiveRecord: 0.0ms | Allocations: 10686)


Started GET "/posts/new" for ::1 at 2021-01-06 00:15:57 +0900
Processing by PostsController#new as HTML
  Rendering layout layouts/application.html.erb
  Rendering posts/new.html.erb within layouts/application
  Rendered posts/_form.html.erb (Duration: 6.0ms | Allocations: 800)
  Rendered posts/new.html.erb within layouts/application (Duration: 8.2ms | Allocations: 1125)
[Webpacker] Everything's up-to-date. Nothing to do
  Rendered layout layouts/application.html.erb (Duration: 19.9ms | Allocations: 5193)
Completed 200 OK in 51ms (Views: 23.4ms | ActiveRecord: 5.9ms | Allocations: 11568)


Started GET "/" for ::1 at 2021-01-06 00:16:25 +0900
Processing by PublicController#homepage as HTML
  Rendering layout layouts/application.html.erb
  Rendering public/homepage.html.erb within layouts/application
  Rendered public/homepage.html.erb within layouts/application (Duration: 0.2ms | Allocations: 99)
[Webpacker] Everything's up-to-date. Nothing to do
  Rendered layout layouts/application.html.erb (Duration: 10.8ms | Allocations: 4212)
Completed 200 OK in 12ms (Views: 11.5ms | ActiveRecord: 0.0ms | Allocations: 4637)


Started GET "/" for ::1 at 2021-01-06 00:16:25 +0900
Processing by PublicController#homepage as HTML
  Rendering layout layouts/application.html.erb
  Rendering public/homepage.html.erb within layouts/application
  Rendered public/homepage.html.erb within layouts/application (Duration: 0.3ms | Allocations: 93)
[Webpacker] Everything's up-to-date. Nothing to do
  Rendered layout layouts/application.html.erb (Duration: 15.8ms | Allocations: 4201)
Completed 200 OK in 18ms (Views: 16.3ms | ActiveRecord: 0.0ms | Allocations: 4622)


